<?xml version="1.0" encoding="UTF-8"?>
<!-- Generated by org.testng.reporters.JUnitReportReporter -->
<testsuite hostname="DESKTOP-MLRJOEK" failures="0" tests="4" name="com.Test.Testcases" time="3.707" errors="0" timestamp="2022-02-16T01:04:14 EET" skipped="0">
  <testcase classname="com.Test.Testcases" name="assertStatusCodeOFGetTVGategories" time="3.056"/>
  <system-out/>
  <testcase classname="com.Test.Testcases" name="assertBodyOFGetTVGategories" time="0.222"/>
  <system-out/>
  <testcase classname="com.Test.Testcases" name="assertOnContentType_JSON" time="0.126"/>
  <system-out/>
  <testcase classname="com.Test.Testcases" name="CheckthatCategoryisCreatedSuccessfully" time="0.303"/>
  <system-out/>
</testsuite> <!-- com.Test.Testcases -->
